<?xml version="1.0" encoding="UTF-8"?>
<testng-results total="1" passed="1" failed="0" skipped="0">
  <reporter-output>
  </reporter-output>
  <suite started-at="2020-09-28T11:27:57Z" name="Default suite" finished-at="2020-09-28T11:28:00Z" duration-ms="2962">
    <groups>
    </groups>
    <test started-at="2020-09-28T11:27:57Z" name="Default test" finished-at="2020-09-28T11:28:00Z" duration-ms="2962">
      <class name="WeatherCheckerProject.ValidateWeatherChecker">
        <test-method is-config="true" signature="setup()[pri:0, instance:WeatherCheckerProject.ValidateWeatherChecker@69504ae9]" started-at="2020-09-28T12:27:54Z" name="setup" finished-at="2020-09-28T12:27:57Z" duration-ms="2680" status="PASS">
          <reporter-output>
          </reporter-output>
        </test-method> <!-- setup -->
        <test-method signature="validatePostalCode()[pri:0, instance:WeatherCheckerProject.ValidateWeatherChecker@69504ae9]" started-at="2020-09-28T12:27:57Z" name="validatePostalCode" finished-at="2020-09-28T12:28:00Z" duration-ms="2955" status="PASS">
          <reporter-output>
          </reporter-output>
        </test-method> <!-- validatePostalCode -->
        <test-method is-config="true" signature="teardown()[pri:0, instance:WeatherCheckerProject.ValidateWeatherChecker@69504ae9]" started-at="2020-09-28T12:28:00Z" name="teardown" finished-at="2020-09-28T12:28:00Z" duration-ms="206" status="PASS">
          <reporter-output>
          </reporter-output>
        </test-method> <!-- teardown -->
      </class> <!-- WeatherCheckerProject.ValidateWeatherChecker -->
    </test> <!-- Default test -->
  </suite> <!-- Default suite -->
</testng-results>
